Using pre-set license
Built from '2021.3/staging' branch; Version is '2021.3.2f1 (d6360bedb9a0) revision 14038539'; Using compiler version '192829333'; Build Type 'Release'
OS: 'Windows 10  (10.0.19044) 64bit Enterprise' Language: 'ko' Physical Memory: 16285 MB
BatchMode: 1, IsHumanControllingUs: 0, StartBugReporterOnCrash: 0, Is64bit: 1, IsPro: 1

COMMAND LINE ARGUMENTS:
C:\Program Files\Unity\Hub\Editor\2021.3.2f1\Editor\Unity.exe
-adb2
-batchMode
-noUpm
-name
AssetImportWorker0
-projectPath
C:/Users/Tae/Desktop/AR-BoardGame/BoardGame
-logFile
Logs/AssetImportWorker0.log
-srvPort
56767
Successfully changed project path to: C:/Users/Tae/Desktop/AR-BoardGame/BoardGame
C:/Users/Tae/Desktop/AR-BoardGame/BoardGame
[UnityMemory] Configuration Parameters - Can be set up in boot.config
    "memorysetup-bucket-allocator-granularity=16"
    "memorysetup-bucket-allocator-bucket-count=8"
    "memorysetup-bucket-allocator-block-size=33554432"
    "memorysetup-bucket-allocator-block-count=8"
    "memorysetup-main-allocator-block-size=16777216"
    "memorysetup-thread-allocator-block-size=16777216"
    "memorysetup-gfx-main-allocator-block-size=16777216"
    "memorysetup-gfx-thread-allocator-block-size=16777216"
    "memorysetup-cache-allocator-block-size=4194304"
    "memorysetup-typetree-allocator-block-size=2097152"
    "memorysetup-profiler-bucket-allocator-granularity=16"
    "memorysetup-profiler-bucket-allocator-bucket-count=8"
    "memorysetup-profiler-bucket-allocator-block-size=33554432"
    "memorysetup-profiler-bucket-allocator-block-count=8"
    "memorysetup-profiler-allocator-block-size=16777216"
    "memorysetup-profiler-editor-allocator-block-size=1048576"
    "memorysetup-temp-allocator-size-main=16777216"
    "memorysetup-job-temp-allocator-block-size=2097152"
    "memorysetup-job-temp-allocator-block-size-background=1048576"
    "memorysetup-job-temp-allocator-reduction-small-platforms=262144"
    "memorysetup-temp-allocator-size-background-worker=32768"
    "memorysetup-temp-allocator-size-job-worker=262144"
    "memorysetup-temp-allocator-size-preload-manager=33554432"
    "memorysetup-temp-allocator-size-nav-mesh-worker=65536"
    "memorysetup-temp-allocator-size-audio-worker=65536"
    "memorysetup-temp-allocator-size-cloud-worker=32768"
    "memorysetup-temp-allocator-size-gi-baking-worker=262144"
    "memorysetup-temp-allocator-size-gfx=262144"
Refreshing native plugins compatible for Editor in 104.95 ms, found 3 plugins.
Preloading 0 native plugins for Editor in 0.00 ms.
Initialize engine version: 2021.3.2f1 (d6360bedb9a0)
[Subsystems] Discovering subsystems at path C:/Program Files/Unity/Hub/Editor/2021.3.2f1/Editor/Data/Resources/UnitySubsystems
[Subsystems] Discovering subsystems at path C:/Users/Tae/Desktop/AR-BoardGame/BoardGame/Assets
GfxDevice: creating device client; threaded=0; jobified=0
Direct3D:
    Version:  Direct3D 11.0 [level 11.1]
    Renderer: NVIDIA GeForce RTX 3080 (ID=0x2206)
    Vendor:   NVIDIA
    VRAM:     10077 MB
    Driver:   31.0.15.1601
Initialize mono
Mono path[0] = 'C:/Program Files/Unity/Hub/Editor/2021.3.2f1/Editor/Data/Managed'
Mono path[1] = 'C:/Program Files/Unity/Hub/Editor/2021.3.2f1/Editor/Data/MonoBleedingEdge/lib/mono/unityjit-win32'
Mono config path = 'C:/Program Files/Unity/Hub/Editor/2021.3.2f1/Editor/Data/MonoBleedingEdge/etc'
Using monoOptions --debugger-agent=transport=dt_socket,embedding=1,server=y,suspend=n,address=127.0.0.1:56864
Begin MonoManager ReloadAssembly
Registering precompiled unity dll's ...
Register platform support module: C:/Program Files/Unity/Hub/Editor/2021.3.2f1/Editor/Data/PlaybackEngines/AndroidPlayer/UnityEditor.Android.Extensions.dll
Register platform support module: C:/Program Files/Unity/Hub/Editor/2021.3.2f1/Editor/Data/PlaybackEngines/WindowsStandaloneSupport/UnityEditor.WindowsStandalone.Extensions.dll
Registered in 0.010417 seconds.
Native extension for WindowsStandalone target not found
Native extension for Android target not found
Refreshing native plugins compatible for Editor in 101.19 ms, found 3 plugins.
Preloading 0 native plugins for Editor in 0.00 ms.
Mono: successfully reloaded assembly
- Completed reload, in  0.824 seconds
Domain Reload Profiling:
	ReloadAssembly (824ms)
		BeginReloadAssembly (101ms)
			ExecutionOrderSort (0ms)
			DisableScriptedObjects (0ms)
			BackupInstance (0ms)
			ReleaseScriptingObjects (0ms)
			CreateAndSetChildDomain (1ms)
		EndReloadAssembly (582ms)
			LoadAssemblies (98ms)
			RebuildTransferFunctionScriptingTraits (0ms)
			SetupTypeCache (131ms)
			ReleaseScriptCaches (0ms)
			RebuildScriptCaches (33ms)
			SetupLoadedEditorAssemblies (355ms)
				LogAssemblyErrors (0ms)
				InitializePlatformSupportModulesInManaged (74ms)
				SetLoadedEditorAssemblies (0ms)
				RefreshPlugins (101ms)
				BeforeProcessingInitializeOnLoad (1ms)
				ProcessInitializeOnLoadAttributes (122ms)
				ProcessInitializeOnLoadMethodAttributes (57ms)
				AfterProcessingInitializeOnLoad (0ms)
				EditorAssembliesLoaded (0ms)
			ExecutionOrderSort2 (0ms)
			AwakeInstancesAfterBackupRestoration (0ms)
Platform modules already initialized, skipping
Registering precompiled user dll's ...
Registered in 0.007904 seconds.
Begin MonoManager ReloadAssembly
Symbol file LoadedFromMemory doesn't match image C:\Users\Tae\Desktop\AR-BoardGame\BoardGame\Library\PackageCache\com.unity.visualscripting@1.7.6\Editor\VisualScripting.Core\Dependencies\YamlDotNet\Unity.VisualScripting.YamlDotNet.dll
Symbol file LoadedFromMemory doesn't match image C:\Users\Tae\Desktop\AR-BoardGame\BoardGame\Library\PackageCache\com.unity.visualscripting@1.7.6\Editor\VisualScripting.Core\Dependencies\DotNetZip\Unity.VisualScripting.IonicZip.dll
Native extension for WindowsStandalone target not found
Native extension for Android target not found
Refreshing native plugins compatible for Editor in 0.78 ms, found 3 plugins.
Preloading 0 native plugins for Editor in 0.00 ms.
Package Manager log level set to [2]
Mono: successfully reloaded assembly
- Completed reload, in  1.503 seconds
Domain Reload Profiling:
	ReloadAssembly (1504ms)
		BeginReloadAssembly (246ms)
			ExecutionOrderSort (0ms)
			DisableScriptedObjects (7ms)
			BackupInstance (0ms)
			ReleaseScriptingObjects (0ms)
			CreateAndSetChildDomain (135ms)
		EndReloadAssembly (1109ms)
			LoadAssemblies (103ms)
			RebuildTransferFunctionScriptingTraits (0ms)
			SetupTypeCache (363ms)
			ReleaseScriptCaches (1ms)
			RebuildScriptCaches (73ms)
			SetupLoadedEditorAssemblies (507ms)
				LogAssemblyErrors (0ms)
				InitializePlatformSupportModulesInManaged (18ms)
				SetLoadedEditorAssemblies (1ms)
				RefreshPlugins (1ms)
				BeforeProcessingInitializeOnLoad (137ms)
				ProcessInitializeOnLoadAttributes (305ms)
				ProcessInitializeOnLoadMethodAttributes (33ms)
				AfterProcessingInitializeOnLoad (11ms)
				EditorAssembliesLoaded (0ms)
			ExecutionOrderSort2 (0ms)
			AwakeInstancesAfterBackupRestoration (6ms)
Platform modules already initialized, skipping
========================================================================
Worker process is ready to serve import requests
Launched and connected shader compiler UnityShaderCompiler.exe after 0.04 seconds
Refreshing native plugins compatible for Editor in 0.93 ms, found 3 plugins.
Preloading 0 native plugins for Editor in 0.00 ms.
Unloading 3724 Unused Serialized files (Serialized files now loaded: 0)
Unloading 28 unused Assets / (129.3 KB). Loaded Objects now: 4183.
Memory consumption went from 130.7 MB to 130.5 MB.
Total: 4.243300 ms (FindLiveObjects: 0.411800 ms CreateObjectMapping: 0.196100 ms MarkObjects: 3.508000 ms  DeleteObjects: 0.125900 ms)

AssetImportParameters requested are different than current active one (requested -> active):
  custom:video-decoder-ogg-theora: a1e56fd34408186e4bbccfd4996cb3dc -> 
  custom:container-muxer-webm: aa71ff27fc2769a1b78a27578f13a17b -> 
  custom:container-demuxer-webm: 4f35f7cbe854078d1ac9338744f61a02 -> 
  custom:video-encoder-webm-vp8: eb34c28f22e8b96e1ab97ce403110664 -> 
  custom:audio-encoder-webm-vorbis: bf7c407c2cedff20999df2af8eb42d56 -> 
  custom:framework-win-MediaFoundation: 216162199b28c13a410421893ffa2e32 -> 
  custom:container-demuxer-ogg: 62fdf1f143b41e24485cea50d1cbac27 -> 
  custom:video-decoder-webm-vp8: 9c59270c3fd7afecdb556c50c9e8de78 -> 
  custom:audio-decoder-ogg-vorbis: bf7c407c2cedff20999df2af8eb42d56 -> 
========================================================================
Received Import Request.
  Time since last request: 286090.482293 seconds.
  path: Assets
  artifactKey: Guid(00000000000000001000000000000000) Importer(815301076,1909f56bfc062723c751e8b465ee728b)
Start importing Assets using Guid(00000000000000001000000000000000) Importer(815301076,1909f56bfc062723c751e8b465ee728b)  -> (artifact id: '79842766b460edbeab6a34051e857a80') in 0.012396 seconds 
========================================================================
Received Import Request.
  Time since last request: 0.200462 seconds.
  path: Assets/Dev1
  artifactKey: Guid(088c01c426f60ae42960b90c85835291) Importer(815301076,1909f56bfc062723c751e8b465ee728b)
Start importing Assets/Dev1 using Guid(088c01c426f60ae42960b90c85835291) Importer(815301076,1909f56bfc062723c751e8b465ee728b)  -> (artifact id: 'f5beae3d23947cc57b2767a097cb3431') in 0.006053 seconds 
========================================================================
Received Import Request.
  Time since last request: 1.211006 seconds.
  path: Assets/Dev1 1
  artifactKey: Guid(987f7c891c933524fb0e6b557a6fecf3) Importer(815301076,1909f56bfc062723c751e8b465ee728b)
Start importing Assets/Dev1 1 using Guid(987f7c891c933524fb0e6b557a6fecf3) Importer(815301076,1909f56bfc062723c751e8b465ee728b)  -> (artifact id: '192acbf5c1438aa95fda405932afd03b') in 0.005998 seconds 
========================================================================
Received Import Request.
  Time since last request: 3.736875 seconds.
  path: Assets/Dev2
  artifactKey: Guid(987f7c891c933524fb0e6b557a6fecf3) Importer(815301076,1909f56bfc062723c751e8b465ee728b)
Start importing Assets/Dev2 using Guid(987f7c891c933524fb0e6b557a6fecf3) Importer(815301076,1909f56bfc062723c751e8b465ee728b)  -> (artifact id: '0528ad4e0cafe163c8e8d9ef85c7e497') in 0.006496 seconds 
========================================================================
Received Import Request.
  Time since last request: 1.052423 seconds.
  path: Assets/Dev2 1
  artifactKey: Guid(d5bcd9b86e12aba46a1a09388703abec) Importer(815301076,1909f56bfc062723c751e8b465ee728b)
Start importing Assets/Dev2 1 using Guid(d5bcd9b86e12aba46a1a09388703abec) Importer(815301076,1909f56bfc062723c751e8b465ee728b)  -> (artifact id: '6f0dac1e52d2cc3a8089b5acaabcd5ed') in 0.006007 seconds 
========================================================================
Received Import Request.
  Time since last request: 2.103117 seconds.
  path: Assets/Dev3
  artifactKey: Guid(d5bcd9b86e12aba46a1a09388703abec) Importer(815301076,1909f56bfc062723c751e8b465ee728b)
Start importing Assets/Dev3 using Guid(d5bcd9b86e12aba46a1a09388703abec) Importer(815301076,1909f56bfc062723c751e8b465ee728b)  -> (artifact id: 'b3eb7898b2c1a0eb8df99dbc9db8e9dc') in 0.006192 seconds 
========================================================================
Received Import Request.
  Time since last request: 1.139921 seconds.
  path: Assets/Dev3 1
  artifactKey: Guid(7eece7112a368ec4a8a11b89029c8e0c) Importer(815301076,1909f56bfc062723c751e8b465ee728b)
Start importing Assets/Dev3 1 using Guid(7eece7112a368ec4a8a11b89029c8e0c) Importer(815301076,1909f56bfc062723c751e8b465ee728b)  -> (artifact id: '6a8aa2daba3e94f24e548f288bc5907e') in 0.006097 seconds 
========================================================================
Received Import Request.
  Time since last request: 3.968853 seconds.
  path: Assets/Design1
  artifactKey: Guid(7eece7112a368ec4a8a11b89029c8e0c) Importer(815301076,1909f56bfc062723c751e8b465ee728b)
Start importing Assets/Design1 using Guid(7eece7112a368ec4a8a11b89029c8e0c) Importer(815301076,1909f56bfc062723c751e8b465ee728b)  -> (artifact id: '2684b9eacb98be51f37b7f4f2240c234') in 0.006221 seconds 
========================================================================
Received Import Request.
  Time since last request: 0.934974 seconds.
  path: Assets/Design1 1
  artifactKey: Guid(4b716fa94baa5d8458c8dd4a07c0f2f7) Importer(815301076,1909f56bfc062723c751e8b465ee728b)
Start importing Assets/Design1 1 using Guid(4b716fa94baa5d8458c8dd4a07c0f2f7) Importer(815301076,1909f56bfc062723c751e8b465ee728b)  -> (artifact id: '50d336ced3515005971f030141ed7387') in 0.006186 seconds 
========================================================================
Received Import Request.
  Time since last request: 3.434809 seconds.
  path: Assets/Design2
  artifactKey: Guid(4b716fa94baa5d8458c8dd4a07c0f2f7) Importer(815301076,1909f56bfc062723c751e8b465ee728b)
Start importing Assets/Design2 using Guid(4b716fa94baa5d8458c8dd4a07c0f2f7) Importer(815301076,1909f56bfc062723c751e8b465ee728b)  -> (artifact id: '378f331c3c9825cfbebd22cbc086af15') in 0.006309 seconds 
========================================================================
Received Import Request.
  Time since last request: 1.063246 seconds.
  path: Assets/Design2 1
  artifactKey: Guid(b8e98fab3fefecb44a3bb1f2a29f4021) Importer(815301076,1909f56bfc062723c751e8b465ee728b)
Start importing Assets/Design2 1 using Guid(b8e98fab3fefecb44a3bb1f2a29f4021) Importer(815301076,1909f56bfc062723c751e8b465ee728b)  -> (artifact id: '7bbedc239a656f18ce94d3360dcb6062') in 0.006062 seconds 
========================================================================
Received Import Request.
  Time since last request: 2.635617 seconds.
  path: Assets/Design3
  artifactKey: Guid(b8e98fab3fefecb44a3bb1f2a29f4021) Importer(815301076,1909f56bfc062723c751e8b465ee728b)
Start importing Assets/Design3 using Guid(b8e98fab3fefecb44a3bb1f2a29f4021) Importer(815301076,1909f56bfc062723c751e8b465ee728b)  -> (artifact id: 'ff72a990a6e83c772149308539a9dbaf') in 0.006153 seconds 
